[    0.000000] Initializing cgroup subsys cpuset
[    0.000000] Initializing cgroup subsys cpu
[    0.000000] Initializing cgroup subsys cpuacct
[    0.000000] Linux version 4.4.0-53-generic (buildd@lcy01-28) (gcc version 5.4.0 20160609 (Ubuntu 5.4.0-6ubuntu1~16.04.4) ) #74-Ubuntu SMP Fri Dec 2 15:59:10 UTC 2016 (Ubuntu 4.4.0-53.74-generic 4.4.30)
[    0.000000] Command line: BOOT_IMAGE=/boot/vmlinuz-4.4.0-53-generic root=LABEL=cloudimg-rootfs ro console=tty1 console=ttyS0
[    0.000000] KERNEL supported cpus:
[    0.000000]   Intel GenuineIntel
[    0.000000]   AMD AuthenticAMD
[    0.000000]   Centaur CentaurHauls
[    0.000000] x86/fpu: xstate_offset[2]:  576, xstate_sizes[2]:  256
[    0.000000] x86/fpu: Supporting XSAVE feature 0x01: 'x87 floating point registers'
[    0.000000] x86/fpu: Supporting XSAVE feature 0x02: 'SSE registers'
[    0.000000] x86/fpu: Supporting XSAVE feature 0x04: 'AVX registers'
[    0.000000] x86/fpu: Enabled xstate features 0x7, context size is 832 bytes, using 'standard' format.
[    0.000000] x86/fpu: Using 'lazy' FPU context switches.
[    0.000000] e820: BIOS-provided physical RAM map:
[    0.000000] BIOS-e820: [mem 0x0000000000000000-0x000000000009fbff] usable
[    0.000000] BIOS-e820: [mem 0x000000000009fc00-0x000000000009ffff] reserved
[    0.000000] BIOS-e820: [mem 0x00000000000f0000-0x00000000000fffff] reserved
[    0.000000] BIOS-e820: [mem 0x0000000000100000-0x000000007ffeffff] usable
[    0.000000] BIOS-e820: [mem 0x000000007fff0000-0x000000007fffffff] ACPI data
[    0.000000] BIOS-e820: [mem 0x00000000fec00000-0x00000000fec00fff] reserved
[    0.000000] BIOS-e820: [mem 0x00000000fee00000-0x00000000fee00fff] reserved
[    0.000000] BIOS-e820: [mem 0x00000000fffc0000-0x00000000ffffffff] reserved
[    0.000000] NX (Execute Disable) protection: active
[    0.000000] SMBIOS 2.5 present.
[    0.000000] Hypervisor detected: KVM
[    0.000000] e820: last_pfn = 0x7fff0 max_arch_pfn = 0x400000000
[    0.000000] MTRR: Disabled
[    0.000000] x86/PAT: MTRRs disabled, skipping PAT initialization too.
[    0.000000] x86/PAT: Configuration [0-7]: WB  WT  UC- UC  WB  WT  UC- UC  
[    0.000000] CPU MTRRs all blank - virtualized system.
[    0.000000] found SMP MP-table at [mem 0x0009fff0-0x0009ffff] mapped at [ffff88000009fff0]
[    0.000000] Scanning 1 areas for low memory corruption
[    0.000000] RAMDISK: [mem 0x36f5a000-0x377a4fff]
[    0.000000] ACPI: Early table checksum verification disabled
[    0.000000] ACPI: RSDP 0x00000000000E0000 000024 (v02 VBOX  )
[    0.000000] ACPI: XSDT 0x000000007FFF0030 00003C (v01 VBOX   VBOXXSDT 00000001 ASL  00000061)
[    0.000000] ACPI: FACP 0x000000007FFF00F0 0000F4 (v04 VBOX   VBOXFACP 00000001 ASL  00000061)
[    0.000000] ACPI: DSDT 0x000000007FFF0470 00210F (v01 VBOX   VBOXBIOS 00000002 INTL 20100528)
[    0.000000] ACPI: FACS 0x000000007FFF0200 000040
[    0.000000] ACPI: FACS 0x000000007FFF0200 000040
[    0.000000] ACPI: APIC 0x000000007FFF0240 00005C (v02 VBOX   VBOXAPIC 00000001 ASL  00000061)
[    0.000000] ACPI: SSDT 0x000000007FFF02A0 0001CC (v01 VBOX   VBOXCPUT 00000002 INTL 20100528)
[    0.000000] No NUMA configuration found
[    0.000000] Faking a node at [mem 0x0000000000000000-0x000000007ffeffff]
[    0.000000] NODE_DATA(0) allocated [mem 0x7ffeb000-0x7ffeffff]
[    0.000000] kvm-clock: Using msrs 4b564d01 and 4b564d00
[    0.000000] kvm-clock: cpu 0, msr 0:7ffe7001, primary cpu clock
[    0.000000] kvm-clock: using sched offset of 3060423512 cycles
[    0.000000] clocksource: kvm-clock: mask: 0xffffffffffffffff max_cycles: 0x1cd42e4dffb, max_idle_ns: 881590591483 ns
[    0.000000] Zone ranges:
[    0.000000]   DMA      [mem 0x0000000000001000-0x0000000000ffffff]
[    0.000000]   DMA32    [mem 0x0000000001000000-0x000000007ffeffff]
[    0.000000]   Normal   empty
[    0.000000]   Device   empty
[    0.000000] Movable zone start for each node
[    0.000000] Early memory node ranges
[    0.000000]   node   0: [mem 0x0000000000001000-0x000000000009efff]
[    0.000000]   node   0: [mem 0x0000000000100000-0x000000007ffeffff]
[    0.000000] Initmem setup node 0 [mem 0x0000000000001000-0x000000007ffeffff]
[    0.000000] ACPI: PM-Timer IO Port: 0x4008
[    0.000000] IOAPIC[0]: apic_id 2, version 32, address 0xfec00000, GSI 0-23
[    0.000000] ACPI: INT_SRC_OVR (bus 0 bus_irq 0 global_irq 2 dfl dfl)
[    0.000000] ACPI: INT_SRC_OVR (bus 0 bus_irq 9 global_irq 9 high level)
[    0.000000] Using ACPI (MADT) for SMP configuration information
[    0.000000] smpboot: Allowing 2 CPUs, 0 hotplug CPUs
[    0.000000] PM: Registered nosave memory: [mem 0x00000000-0x00000fff]
[    0.000000] PM: Registered nosave memory: [mem 0x0009f000-0x0009ffff]
[    0.000000] PM: Registered nosave memory: [mem 0x000a0000-0x000effff]
[    0.000000] PM: Registered nosave memory: [mem 0x000f0000-0x000fffff]
[    0.000000] e820: [mem 0x80000000-0xfebfffff] available for PCI devices
[    0.000000] Booting paravirtualized kernel on KVM
[    0.000000] clocksource: refined-jiffies: mask: 0xffffffff max_cycles: 0xffffffff, max_idle_ns: 7645519600211568 ns
[    0.000000] setup_percpu: NR_CPUS:256 nr_cpumask_bits:256 nr_cpu_ids:2 nr_node_ids:1
[    0.000000] PERCPU: Embedded 33 pages/cpu @ffff88007fc00000 s98008 r8192 d28968 u1048576
[    0.000000] PV qspinlock hash table entries: 256 (order: 0, 4096 bytes)
[    0.000000] Built 1 zonelists in Node order, mobility grouping on.  Total pages: 515961
[    0.000000] Policy zone: DMA32
[    0.000000] Kernel command line: BOOT_IMAGE=/boot/vmlinuz-4.4.0-53-generic root=LABEL=cloudimg-rootfs ro console=tty1 console=ttyS0
[    0.000000] PID hash table entries: 4096 (order: 3, 32768 bytes)
[    0.000000] Memory: 2036332K/2096696K available (8427K kernel code, 1285K rwdata, 3956K rodata, 1480K init, 1292K bss, 60364K reserved, 0K cma-reserved)
[    0.000000] SLUB: HWalign=64, Order=0-3, MinObjects=0, CPUs=2, Nodes=1
[    0.000000] Hierarchical RCU implementation.
[    0.000000] 	Build-time adjustment of leaf fanout to 64.
[    0.000000] 	RCU restricting CPUs from NR_CPUS=256 to nr_cpu_ids=2.
[    0.000000] RCU: Adjusting geometry for rcu_fanout_leaf=64, nr_cpu_ids=2
[    0.000000] NR_IRQS:16640 nr_irqs:440 16
[    0.000000] Console: colour VGA+ 80x25
[    0.000000] console [tty1] enabled
[    0.000000] console [ttyS0] enabled
[    0.000000] tsc: Detected 2593.994 MHz processor
[   12.850408] Calibrating delay loop (skipped) preset value.. 5187.98 BogoMIPS (lpj=10375976)
[   13.020321] pid_max: default: 32768 minimum: 301
[   13.113086] ACPI: Core revision 20150930
[   13.186775] ACPI: 2 ACPI AML tables successfully acquired and loaded
[   13.294560] Security Framework initialized
[   13.374378] Yama: becoming mindful.
[   13.450114] AppArmor: AppArmor initialized
[   13.480853] Dentry cache hash table entries: 262144 (order: 9, 2097152 bytes)
[   13.562190] Inode-cache hash table entries: 131072 (order: 8, 1048576 bytes)
[   13.707903] Mount-cache hash table entries: 4096 (order: 3, 32768 bytes)
[   13.818812] Mountpoint-cache hash table entries: 4096 (order: 3, 32768 bytes)
[   13.965308] Initializing cgroup subsys io
[   14.030204] Initializing cgroup subsys memory
[   14.139013] Initializing cgroup subsys devices
[   14.236889] Initializing cgroup subsys freezer
[   14.329421] Initializing cgroup subsys net_cls
[   14.405960] Initializing cgroup subsys perf_event
[   14.500859] Initializing cgroup subsys net_prio
[   14.552727] Initializing cgroup subsys hugetlb
[   14.585686] Initializing cgroup subsys pids
[   14.630110] CPU: Physical Processor ID: 0
[   14.712730] CPU: Processor Core ID: 0
[   14.788082] mce: CPU supports 0 MCE banks
[   14.867579] Last level iTLB entries: 4KB 1024, 2MB 1024, 4MB 1024
[   14.970358] Last level dTLB entries: 4KB 1024, 2MB 1024, 4MB 1024, 1GB 4
[   15.121864] Freeing SMP alternatives memory: 32K (ffffffff820b5000 - ffffffff820bd000)
[   15.269390] ftrace: allocating 32053 entries in 126 pages
[   15.419498] smpboot: Max logical packages: 1
[   15.514389] smpboot: APIC(0) Converting physical 0 to logical package 0
[   15.651931] x2apic enabled
[   15.686063] Switched APIC routing to physical x2apic.
[   15.746579] ..TIMER: vector=0x30 apic1=0 pin1=2 apic2=-1 pin2=-1
[   16.006348] smpboot: CPU0: Intel(R) Core(TM) i7-4960HQ CPU @ 2.60GHz (family: 0x6, model: 0x46, stepping: 0x1)
[   16.217350] Performance Events: unsupported p6 CPU model 70 no PMU driver, software events only.
[   16.401497] KVM setup paravirtual spinlock
[   16.498382] x86: Booting SMP configuration:
[   16.610392] .... node  #0, CPUs:      #1
[   16.692807] kvm-clock: cpu 1, msr 0:7ffe7041, secondary cpu clock
[   16.755250] mce: CPU supports 0 MCE banks
[   16.772428] x86: Booted up 1 node, 2 CPUs
[   16.789684] smpboot: Total of 2 processors activated (10375.97 BogoMIPS)
[   16.936180] devtmpfs: initialized
[   17.015261] evm: security.selinux
[   17.093725] evm: security.SMACK64
[   17.167259] evm: security.SMACK64EXEC
[   17.264370] evm: security.SMACK64TRANSMUTE
[   17.363702] evm: security.SMACK64MMAP
[   17.431477] evm: security.ima
[   17.500204] evm: security.capability
[   17.591093] clocksource: jiffies: mask: 0xffffffff max_cycles: 0xffffffff, max_idle_ns: 7645041785100000 ns
[   17.834280] pinctrl core: initialized pinctrl subsystem
[   17.874595] RTC time:  2:28:11, date: 12/20/16
[   17.889076] NET: Registered protocol family 16
[   18.009243] cpuidle: using governor ladder
[   18.125414] cpuidle: using governor menu
[   18.220572] PCCT header not found.
[   18.281478] ACPI: bus type PCI registered
[   18.364843] acpiphp: ACPI Hot Plug PCI Controller Driver version: 0.5
[   18.510532] PCI: Using configuration type 1 for base access
[   18.647820] ACPI: Added _OSI(Module Device)
[   18.744434] ACPI: Added _OSI(Processor Device)
[   18.853407] ACPI: Added _OSI(3.0 _SCP Extensions)
[   18.935978] ACPI: Added _OSI(Processor Aggregator Device)
[   18.997942] ACPI: Executed 1 blocks of module-level executable AML code
[   19.134093] ACPI: Interpreter enabled
[   19.236954] ACPI: (supports S0 S5)
[   19.316869] ACPI: Using IOAPIC for interrupt routing
[   19.430650] PCI: Using host bridge windows from ACPI; if necessary, use "pci=nocrs" and report a bug
[   19.637678] ACPI: PCI Root Bridge [PCI0] (domain 0000 [bus 00-ff])
[   19.763425] acpi PNP0A03:00: _OSC: OS supports [ASPM ClockPM Segments MSI]
[   19.930291] acpi PNP0A03:00: _OSC failed (AE_NOT_FOUND); disabling ASPM
[   20.047452] acpi PNP0A03:00: fail to add MMCONFIG information, can't access extended PCI configuration space under this bridge.
[   20.083763] PCI host bridge to bus 0000:00
[   20.175063] pci_bus 0000:00: root bus resource [io  0x0000-0x0cf7 window]
[   20.324357] pci_bus 0000:00: root bus resource [io  0x0d00-0xffff window]
[   20.488932] pci_bus 0000:00: root bus resource [mem 0x000a0000-0x000bffff window]
[   20.656404] pci_bus 0000:00: root bus resource [mem 0x80000000-0xffdfffff window]
[   20.848167] pci_bus 0000:00: root bus resource [bus 00-ff]
[   20.971737] pci 0000:00:01.1: legacy IDE quirk: reg 0x10: [io  0x01f0-0x01f7]
[   21.101181] pci 0000:00:01.1: legacy IDE quirk: reg 0x14: [io  0x03f6]
[   21.168203] pci 0000:00:01.1: legacy IDE quirk: reg 0x18: [io  0x0170-0x0177]
[   21.247059] pci 0000:00:01.1: legacy IDE quirk: reg 0x1c: [io  0x0376]
[   21.434438] pci 0000:00:07.0: quirk: [io  0x4000-0x403f] claimed by PIIX4 ACPI
[   21.581830] pci 0000:00:07.0: quirk: [io  0x4100-0x410f] claimed by PIIX4 SMB
[   21.766333] ACPI: PCI Interrupt Link [LNKA] (IRQs 5 9 10 *11)
[   21.891264] ACPI: PCI Interrupt Link [LNKB] (IRQs 5 9 10 *11)
[   22.028367] ACPI: PCI Interrupt Link [LNKC] (IRQs 5 9 *10 11)
[   22.159284] ACPI: PCI Interrupt Link [LNKD] (IRQs 5 *9 10 11)
[   22.243967] ACPI: Enabled 2 GPEs in block 00 to 07
[   22.275259] vgaarb: setting as boot device: PCI:0000:00:02.0
[   22.276087] vgaarb: device added: PCI:0000:00:02.0,decodes=io+mem,owns=io+mem,locks=none
[   22.277328] vgaarb: loaded
[   22.277826] vgaarb: bridge control possible 0000:00:02.0
[   22.325396] SCSI subsystem initialized
[   22.409378] ACPI: bus type USB registered
[   22.520810] usbcore: registered new interface driver usbfs
[   22.656537] usbcore: registered new interface driver hub
[   22.784307] usbcore: registered new device driver usb
[   22.884923] PCI: Using ACPI for IRQ routing
[   22.988237] NetLabel: Initializing
[   23.076277] NetLabel:  domain hash size = 128
[   23.179554] NetLabel:  protocols = UNLABELED CIPSOv4
[   23.300942] NetLabel:  unlabeled traffic allowed by default
[   23.373953] amd_nb: Cannot enumerate AMD northbridges
[   23.470368] clocksource: Switched to clocksource kvm-clock
[   23.609487] AppArmor: AppArmor Filesystem Enabled
[   23.731355] pnp: PnP ACPI init
[   23.817182] pnp: PnP ACPI: found 3 devices
[   23.929606] clocksource: acpi_pm: mask: 0xffffff max_cycles: 0xffffff, max_idle_ns: 2085701024 ns
[   24.175469] NET: Registered protocol family 2
[   24.289705] TCP established hash table entries: 16384 (order: 5, 131072 bytes)
[   24.464776] TCP bind hash table entries: 16384 (order: 6, 262144 bytes)
[   24.654285] TCP: Hash tables configured (established 16384 bind 16384)
[   24.849782] UDP hash table entries: 1024 (order: 3, 32768 bytes)
[   25.015835] UDP-Lite hash table entries: 1024 (order: 3, 32768 bytes)
[   25.183489] NET: Registered protocol family 1
[   25.300344] pci 0000:00:00.0: Limiting direct PCI/PCI transfers
[   25.451155] pci 0000:00:01.0: Activating ISA DMA hang workarounds
[   25.530845] Trying to unpack rootfs image as initramfs...
[   26.837943] Freeing initrd memory: 8492K (ffff880036f5a000 - ffff8800377a5000)
[   26.979359] platform rtc_cmos: registered platform RTC device (no PNP device found)
[   27.163767] Scanning for low memory corruption every 60 seconds
[   27.321601] futex hash table entries: 512 (order: 3, 32768 bytes)
[   27.438001] audit: initializing netlink subsys (disabled)
[   27.541190] audit: type=2000 audit(1482200883.308:1): initialized
[   27.651412] Initialise system trusted keyring
[   27.695217] HugeTLB registered 2 MB page size, pre-allocated 0 pages
[   27.783975] zbud: loaded
[   27.830808] VFS: Disk quotas dquot_6.6.0
[   27.892803] VFS: Dquot-cache hash table entries: 512 (order 0, 4096 bytes)
[   28.080869] tsc: Refined TSC clocksource calibration: 2593.691 MHz
[   28.248343] clocksource: tsc: mask: 0xffffffffffffffff max_cycles: 0x2562f481372, max_idle_ns: 440795313873 ns
[   28.248621] squashfs: version 4.0 (2009/01/31) Phillip Lougher
[   28.248801] fuse init (API version 7.23)
[   28.248885] Key type big_key registered
[   28.248901] Allocating IMA MOK and blacklist keyrings.
[   28.249054] Key type asymmetric registered
[   28.249058] Asymmetric key parser 'x509' registered
[   28.249084] Block layer SCSI generic (bsg) driver version 0.4 loaded (major 249)
[   28.249106] io scheduler noop registered
[   28.249108] io scheduler deadline registered (default)
[   28.249131] io scheduler cfq registered
[   28.249209] pci_hotplug: PCI Hot Plug PCI Core version: 0.5
[   28.249212] pciehp: PCI Express Hot Plug Controller Driver version: 0.4
[   28.249511] ACPI: AC Adapter [AC] (on-line)
[   28.249559] input: Power Button as /devices/LNXSYSTM:00/LNXPWRBN:00/input/input0
[   28.249561] ACPI: Power Button [PWRF]
[   28.249616] input: Sleep Button as /devices/LNXSYSTM:00/LNXSLPBN:00/input/input1
[   28.249617] ACPI: Sleep Button [SLPF]
[   28.249730] GHES: HEST is not enabled!
[   28.250581] ACPI: Battery Slot [BAT0] (battery present)
[   28.250617] Serial: 8250/16550 driver, 32 ports, IRQ sharing enabled
[   28.538925] 00:02: ttyS0 at I/O 0x3f8 (irq = 4, base_baud = 115200) is a 16550A
[   28.665462] Linux agpgart interface v0.103
[   28.864606] brd: module loaded
[   28.865422] loop: module loaded
[   28.865848] scsi host0: ata_piix
[   28.865900] scsi host1: ata_piix
[   28.865928] ata1: PATA max UDMA/33 cmd 0x1f0 ctl 0x3f6 bmdma 0xd000 irq 14
[   28.865929] ata2: PATA max UDMA/33 cmd 0x170 ctl 0x376 bmdma 0xd008 irq 15
[   28.866006] libphy: Fixed MDIO Bus: probed
[   28.866008] tun: Universal TUN/TAP device driver, 1.6
[   28.866009] tun: (C) 1999-2004 Max Krasnyansky <maxk@qualcomm.com>
[   28.866293] PPP generic driver version 2.4.2
[   28.866401] ehci_hcd: USB 2.0 'Enhanced' Host Controller (EHCI) Driver
[   28.866405] ehci-pci: EHCI PCI platform driver
[   28.866449] ehci-platform: EHCI generic platform driver
[   28.866458] ohci_hcd: USB 1.1 'Open' Host Controller (OHCI) Driver
[   28.866463] ohci-pci: OHCI PCI platform driver
[   28.866471] ohci-platform: OHCI generic platform driver
[   28.866476] uhci_hcd: USB Universal Host Controller Interface driver
[   28.866524] i8042: PNP: PS/2 Controller [PNP0303:PS2K,PNP0f03:PS2M] at 0x60,0x64 irq 1,12
[   28.899889] serio: i8042 KBD port at 0x60,0x64 irq 1
[   28.899895] serio: i8042 AUX port at 0x60,0x64 irq 12
[   28.900011] mousedev: PS/2 mouse device common for all mice
[   28.900255] rtc_cmos rtc_cmos: rtc core: registered rtc_cmos as rtc0
[   28.900323] rtc_cmos rtc_cmos: alarms up to one day, 114 bytes nvram
[   28.900329] i2c /dev entries driver
[   28.900377] device-mapper: uevent: version 1.0.3
[   28.900417] device-mapper: ioctl: 4.34.0-ioctl (2015-10-28) initialised: dm-devel@redhat.com
[   28.900430] ledtrig-cpu: registered to indicate activity on CPUs
[   28.900658] NET: Registered protocol family 10
[   28.900784] NET: Registered protocol family 17
[   28.900792] Key type dns_resolver registered
[   28.901250] microcode: CPU0 sig=0x40661, pf=0x40, revision=0x0
[   28.901256] microcode: CPU1 sig=0x40661, pf=0x40, revision=0x0
[   28.901300] microcode: Microcode Update Driver: v2.01 <tigran@aivazian.fsnet.co.uk>, Peter Oruba
[   28.901389] registered taskstats version 1
[   28.901401] Loading compiled-in X.509 certificates
[   28.901906] Loaded X.509 cert 'Build time autogenerated kernel key: e9dbd2fef92418dc580496786c7b3d419aa7d17d'
[   28.901919] zswap: loaded using pool lzo/zbud
[   28.903031] Key type trusted registered
[   28.904682] Key type encrypted registered
[   28.904686] AppArmor: AppArmor sha1 policy hashing enabled
[   28.904688] ima: No TPM chip found, activating TPM-bypass!
[   28.904701] evm: HMAC attrs: 0x1
[   28.904975]   Magic number: 12:674:460
[   28.905569] rtc_cmos rtc_cmos: setting system clock to 2016-12-20 02:28:22 UTC (1482200902)
[   28.905643] BIOS EDD facility v0.16 2004-Jun-25, 0 devices found
[   28.905643] EDD information not available.
[   28.944775] input: AT Translated Set 2 keyboard as /devices/platform/i8042/serio0/input/input2
[   33.537588] Freeing unused kernel memory: 1480K (ffffffff81f43000 - ffffffff820b5000)
[   33.726379] Write protecting the kernel read-only data: 14336k
[   33.906299] Freeing unused kernel memory: 1800K (ffff88000183e000 - ffff880001a00000)
[   34.103593] Freeing unused kernel memory: 140K (ffff880001ddd000 - ffff880001e00000)
Loading, please [   34.347563] random: systemd-udevd: uninitialized urandom read (16 bytes read, 4 bits of entropy available)
wait...
startin[   34.351735] random: udevadm: uninitialized urandom read (16 bytes read, 4 bits of entropy available)
g version 229
[   34.351764] random: udevadm: uninitialized urandom read (16 bytes read, 4 bits of entropy available)
[   34.351879] random: udevadm: uninitialized urandom read (16 bytes read, 4 bits of entropy available)
[   34.351921] random: udevadm: uninitialized urandom read (16 bytes read, 4 bits of entropy available)
[   34.351967] random: udevadm: uninitialized urandom read (16 bytes read, 4 bits of entropy available)
[   34.352056] random: udevadm: uninitialized urandom read (16 bytes read, 4 bits of entropy available)
[   34.352149] random: udevadm: uninitialized urandom read (16 bytes read, 4 bits of entropy available)
[   34.352188] random: udevadm: uninitialized urandom read (16 bytes read, 4 bits of entropy available)
[   34.352321] random: udevadm: uninitialized urandom read (16 bytes read, 4 bits of entropy available)
[   36.590625] e1000: Intel(R) PRO/1000 Network Driver - version 7.3.21-k8-NAPI
[   36.757193] e1000: Copyright (c) 1999-2006 Intel Corporation.
[   36.912335] Fusion MPT base driver 3.04.20
[   37.113927] Copyright (c) 1999-2008 LSI Corporation
[   37.162073] Fusion MPT SPI Host driver 3.04.20
[   37.299609] AVX version of gcm_enc/dec engaged.
[   37.421739] AES CTR mode by8 optimization enabled
[   37.845324] input: ImExPS/2 Generic Explorer Mouse as /devices/platform/i8042/serio1/input/input4
[   37.885787] e1000 0000:00:03.0 eth0: (PCI:33MHz:32-bit) 02:d8:e4:47:7a:33
[   37.885790] e1000 0000:00:03.0 eth0: Intel(R) PRO/1000 Network Connection
[   38.241718] e1000 0000:00:08.0 eth1: (PCI:33MHz:32-bit) 08:00:27:3c:41:e8
[   38.241720] e1000 0000:00:08.0 eth1: Intel(R) PRO/1000 Network Connection
[   38.242222] mptbase: ioc0: Initiating bringup
[   38.313224] ioc0: LSI53C1030 A0: Capabilities={Initiator}
[   38.498552] scsi host2: ioc0: LSI53C1030 A0, FwRev=00000000h, Ports=1, MaxQ=256, IRQ=20
[   38.624363] scsi 2:0:0:0: Direct-Access     VBOX     HARDDISK         1.0  PQ: 0 ANSI: 5
[   38.624367] scsi target2:0:0: Beginning Domain Validation
[   38.626088] scsi target2:0:0: Domain Validation skipping write tests
[   38.626088] scsi target2:0:0: Ending Domain Validation
[   38.626117] scsi target2:0:0: asynchronous
[   38.626315] scsi 2:0:1:0: Direct-Access     VBOX     HARDDISK         1.0  PQ: 0 ANSI: 5
[   38.626318] scsi target2:0:1: Beginning Domain Validation
[   38.626853] scsi target2:0:1: Domain Validation skipping write tests
[   38.626854] scsi target2:0:1: Ending Domain Validation
[   38.626881] scsi target2:0:1: asynchronous
[   38.971248] e1000 0000:00:09.0 eth2: (PCI:33MHz:32-bit) 08:00:27:d2:7f:3d
[   38.971249] e1000 0000:00:09.0 eth2: Intel(R) PRO/1000 Network Connection
[   39.259021] e1000 0000:00:08.0 enp0s8: renamed from eth1
[   40.350965] floppy0: no floppy controllers found
[   40.586659] e1000 0000:00:09.0 enp0s9: renamed from eth2
[   40.713789] sd 2:0:0:0: Attached scsi generic sg0 type 0
[   40.846002] sd 2:0:0:0: [sda] 20971520 512-byte logical blocks: (10.7 GB/10.0 GiB)
[   40.847111] sd 2:0:1:0: Attached scsi generic sg1 type 0
[   41.043057] sd 2:0:1:0: [sdb] 20480 512-byte logical blocks: (10.5 MB/10.0 MiB)
[   41.043223] e1000 0000:00:03.0 enp0s3: renamed from eth0
[   41.043355] sd 2:0:0:0: [sda] Write Protect is off
[   41.043504] sd 2:0:0:0: [sda] Incomplete mode parameter data
[   41.043505] sd 2:0:0:0: [sda] Assuming drive cache: write through
[   41.398613]  sda: sda1
[   41.399498] sd 2:0:0:0: [sda] Attached SCSI disk
[   42.170893] sd 2:0:1:0: [sdb] Write Protect is off
[   42.290246] sd 2:0:1:0: [sdb] Incomplete mode parameter data
[   42.448547] sd 2:0:1:0: [sdb] Assuming drive cache: write through
[   42.617947] sd 2:0:1:0: [sdb] Attached SCSI disk
Begin: Loading e[   44.026370] md: linear personality registered for level -1
ssential drivers[   44.162734] md: multipath personality registered for level -4
 ... [   44.274386] md: raid0 personality registered for level 0
[   44.306037] md: raid1 personality registered for level 1
[   44.510435] raid6: sse2x1   gen() 11151 MB/s
[   44.670476] raid6: sse2x1   xor()  8805 MB/s
[   44.830461] raid6: sse2x2   gen() 12487 MB/s
[   44.978659] raid6: sse2x2   xor()  9105 MB/s
[   45.138417] raid6: sse2x4   gen() 16510 MB/s
[   45.322451] raid6: sse2x4   xor() 10450 MB/s
[   45.366755] raid6: using algorithm sse2x4 gen() 16510 MB/s
[   45.408412] raid6: .... xor() 10450 MB/s, rmw enabled
[   45.537033] raid6: using ssse3x2 recovery algorithm
[   45.655678] xor: automatically using best checksumming function:
[   45.988762]    avx       : 58238.000 MB/sec
[   46.229432] async_tx: api initialized (async)
[   46.331275] md: raid6 personality registered for level 6
[   46.449243] md: raid5 personality registered for level 5
[   46.491756] md: raid4 personality registered for level 4
[   46.500509] md: raid10 personality registered for level 10
done.
Begin: Running /scripts/init-p[   46.648160] Btrfs loaded
remount ... done.
Begin: Mounting root file system ... Begin: Running /scripts/local-top ... done.
Begin: Running /scripts/local-premount ... Scanning for Btrfs filesystems
done.
Warning: fsck no[   46.826162] EXT4-fs (sda1): mounted filesystem with ordered data mode. Opts: (null)
t present, so skipping root file system
done.
Begin: Running /scripts/local-bottom ... done.
Begin: Running /scripts/init-bottom ... Warning: overlayroot: debug is busted
done.
[   47.318916] systemd[1]: systemd 229 running in system mode. (+PAM +AUDIT +SELINUX +IMA +APPARMOR +SMACK +SYSVINIT +UTMP +LIBCRYPTSETUP +GCRYPT +GNUTLS +ACL +XZ -LZ4 +SECCOMP +BLKID +ELFUTILS +KMOD -IDN)
[   47.642699] systemd[1]: Detected virtualization oracle.
[   47.897506] systemd[1]: Detected architecture x86-64.

Welcome to [1mUbuntu 16.04.1 LTS[0m!

[   48.099160] systemd[1]: Se  oostname to <ubuntu>.
[   48.284180] systemd[1]: Initializing machine ID from random generator.
[   48.285275] systemd[1]: Installed transient /etc/machine-id file.
[   48.386065] systemd[1]:LListening on Syslog Socket.
[[0;32m  OK  [0m] Listening on Syslog Socket.
[   48.564482] systemd[1]: Set up automount Arbitrary Executable File Formats File System Automount Point.
[[0;32m  OK  [0m] Set up automount Arbitrary Executab...ats File System Automount Point.
[   48.678566] systemd[1]: Reached target Encrypted Volumes.
[[0;32m  OK  [0m] Reached target Encrypted Volumes.
[   48.739574] systemd[1]: Created slice System Slice.
[[0;32m  OK  [0m] Created slice System Slice.
[   48.989261] systemd[1]: Listening on Journal Audit Socket.
[[0;32m  OK  [0m] Listening on Journal Audit Socket.
[   49.223614] systemd[1]: Created slice system-serial\x2dgetty.slice.
[[0;32m  OK  [0m] Created slice system-serial\x2dgetty.slice.
[   49.553577] systemd[1]: Started Forward Password Requests to Wall Directory Watch.
[[0;32m  OK  [0m] Started Forward Password Requests to Wall Directory Watch.
[   49.774681] systemd[1]: Reached target User and Group Name Lookups.
[[0;32m  OK  [0m] Reached target User and Group Name Lookups.
[   49.857496] systemd[1]: Listening on udev Kernel Socket.
[[0;32m  OK  [0m] Listening on udev Kernel Socket.
[   50.022852] systemd[1]: Listening on /dev/initctl Compatibility Named Pipe.
[[0;32m  OK  [0m] Listening on /dev/initctl Compatibility Named Pipe.
[   50.195001] systemd[1]: Listening on LVM2 poll daemon socket.
[[0;32m  OK  [0m] Listening on LVM2 poll daemon socket.
[   50.386664] systemd[1]: Reached target Swap.
[[0;32m  OK  [0m] Reached target Swap.
[   50.494979] systemd[1]: Listening on Journal Socket.
[[0;32m  OK  [0m] Listening on Journal Socket.
[   50.694561] systemd[1]: Starting Nameserver information manager...
         Starting Nameserver information manager...
[   50.874656] systemd[1]: Starting Uncomplicated firewall...
         Starting Uncomplicated firewall...
[   50.899247] systemd[1]: Starting Set console keymap...
         Starting Set console keymap...
[   50.908901] systemd[1]: Starting Load Kernel Modules...
         Startin[   50.930782] Loading iSCSI transport class v2.0-870.
g Load Kernel Mo[   51.126746] iscsi: registered transport (tcp)
dules...
[   51.253414] iscsi: registered transport (iser)
[   51.350952] systemd[1]: Mounting POSIX Message Queue File System...
[   51.469862] random: nonblocking pool is initialized
         Mounting POSIX Message Queue File System...
[   51.614532] systemd[1]: Mounting Debug File System...
         Mounting Debug File System...
[   51.763380] systemd[1]: Created slice User and Session Slice.
[[0;32m  OK  [0m] Created slice User and Session Slice.
[   51.946653] systemd[1]: Reached target Slices.
[[0;32m  OK  [0m] Reached target Slices.
[   52.082877] systemd[1]: Starting Create list of required static device nodes for the current kernel...
         Starting Create list of required st... nodes for the current kernel...
[   52.355402] systemd[1]: Listening on LVM2 metadata daemon socket.
[[0;32m  OK  [0m] Listening on LVM2 metadata daemon socket.
[   52.579036] systemd[1]: Starting Remount Root and Kernel File Systems...
         [   52.740868] EXT4-fs (sda1): re-mounted. Opts: (null)
Starting Remount Root and Kernel File Systems...
[   53.054660] systemd[1]: Listening on Journal Socket (/dev/log).
[[0;32m  OK  [0m] Listening on Journal Socket (/dev/log).
[   53.170780] systemd[1]: Listening on udev Control Socket.
[[0;32m  OK  [0m] Listening on udev Control Socket.
[   53.355185] systemd[1]: Listening on Device-mapper event daemon FIFOs.
[[0;32m  OK  [0m] Listening on Device-mapper event daemon FIFOs.
[   53.575374] systemd[1]: Starting Monitoring of LVM2 mirrors, snapshots etc. using dmeventd or progress polling...
         Starting Monitoring of LVM2 mirrors... dmeventd or progress polling...
[   53.843257] systemd[1]: Mounting Huge Pages File System...
         Mounting Huge Pages File System...
[   54.046915] systemd[1]: Starting Journal Service...
         Starting Journal Service...
[   54.195755] systemd[1]: Mounted Debug File System.
[[0;32m  OK  [0m] Mounted Debug File System.
[   54.346972] systemd[1]: Mounted Huge Pages File System.
[[0;32m  OK  [0m] Mounted Huge Pages File System.
[   54.538869] systemd[1]: Mounted POSIX Message Queue File System.
[[0;32m  OK  [0m] Mounted POSIX Message Queue File System.
[   54.706994] systemd[1]: Started Journal Service.
[[0;32m  OK  [0m] Started Journal Service.
[[0;32m  OK  [0m] Started Uncomplicated firewall.
[[0;32m  OK  [0m] Started Set console keymap.
[[0;32m  OK  [0m] Started Load Kernel Modules.
[[0;32m  OK  [0m] Started Create list of required sta...ce nodes for the current kernel.
[[0;32m  OK  [0m] Started Remount Root and Kernel File Systems.
[[0;32m  OK  [0m] Started Nameserver information manager.
[[0;32m  OK  [0m] Started LVM2 metadata daemon.
         Starting udev Coldplug all Devices...
         Starting Initial cloud-init job (pre-networking)...
         Starting Load/Save Random Seed...
         Starting Create Static Device Nodes in /dev...
         Starting Apply Kernel Variables...
         Mounting FUSE Control File System...
         Starting Flush Journal to Persistent Storage...
[[0;32m  OK  [0m] Mounted FUSE Control File System.
[[0;32m  OK  [0m] Started Load/Save Random Seed.
[[0;32m  OK  [0m] Started Create Static Device Nodes in /dev.
[[0;32m  OK  [0m] Started Apply Kernel Variables.
[[0;32m  OK  [0m] Started udev Coldplug all Devices.
[[0;32m  OK  [0m] Started Flush Journal to Persistent Storage.
[[0;32m  OK  [0m] Started Monitoring of LVM2 mirrors,...ng dmeventd or progress polling.
         Starting udev Kernel Device Manager...
[[0;32m  OK  [0m] Started udev Kernel Device Manager.
[[0;32m  OK  [0m] Started Dispatch Password Requests to Console Directory Watch.
[   33.169741] cloud-init[469]: Cloud-init v. 0.7.8 running 'init-local' at Tue, 20 Dec 2016 02:28:49 +0000. Up 32.92 seconds.
[[0;32m  OK  [0m] Reached target Local File Systems (Pre).
[[0;32m  OK  [0m] Reached target Local File Systems.
         Starting Commit a transient machine-id on disk...
         Starting Set console font and keymap...
         Starting Tell Plymouth To Write Out Runtime Data...
         Starting Create Volatile Files and Directories...
         Starting LSB: AppArmor initialization...
[[0;32m  OK  [0m] Started Commit a transient machine-id on disk.
[[0;32m  OK  [0m] Started Set console font and keymap.
[[0;32m  OK  [0m] Started Tell Plymouth To Write Out Runtime Data.
[[0;32m  OK  [0m] Started Create Volatile Files and Directories.
[[0;32m  OK  [0m] Started Initial cloud-init job (pre-networking).
[[0;32m  OK  [0m] Found device /dev/ttyS0.
[[0;32m  OK  [0m] Listening on Load/Save RF Kill Switch Status /dev/rfkill Watch.
[[0;32m  OK  [0m] Reached target Network (Pre).
         Starting Update UTMP about System Boot/Shutdown...
[[0;32m  OK  [0m] Reached target System Time Synchronized.
[[0;32m  OK  [0m] Created slice system-getty.slice.
[[0;32m  OK  [0m] Started Update UTMP about System Boot/Shutdown.
[[0;32m  OK  [0m] Started LSB: AppArmor initialization.
[[0;32m  OK  [0m] Started ifup for enp0s3.
         Starting Raise network interfaces...
[[0;32m  OK  [0m] Started Raise network interfaces.
[[0;32m  OK  [0m] Reached target Network.
         Starting Initial cloud-init job (metadata service crawler)...
[   37.072500] cloud-init[1086]: Cloud-init v. 0.7.8 running 'init' at Tue, 20 Dec 2016 02:28:52 +0000. Up 36.60 seconds.
[   37.136420] cloud-init[1086]: ci-info: ++++++++++++++++++++++++++++++++++++++Net device info++++++++++++++++++++++++++++++++++++++
[   37.184415] cloud-init[1086]: ci-info: +--------+-------+----------------------------+---------------+-------+-------------------+
[   37.245765] cloud-init[1086]: ci-info: | Device |   Up  |          Address           |      Mask     | Scope |     Hw-Address    |
[[0;32m  OK  [0m] Started Initial cloud-init job (metadata service crawler).
[[0;32m  OK  [0m] Reached target Cloud-config availability.
[[0;32m  OK  [0m] Reached target System Initialization.
[   37.278604] cloud-init[1086]: ci-info: +--------+-------+----------------------------+---------------+-------+-------------------+
[   37.425232] [cloud-init[1086]: ci-info: | enp0s3 |  True |         10.0.2.15          | 255.255.255.0 |   .   | 02:d8:e4:47:7a:33 |
[0;32m  OK  [0m] Started Timer to automatically refresh installed snaps.
         Starting Socket activation for snappy daemon.
[[0;32m  OK  [0m] Listening on ACPID Listen Socket.
[[0;32m  OK  [0m] Listening on UUID daemon activation socket.
[   37.425607] cloud-init[1086]: ci-info: | enp0s3 |  True | fe80::d8:e4ff:fe47:7a33/64 |       .       |  link | 02:d8:e4:47:7a:33 |
[   37.554063]          cloud-initStarting LXD - unix socket.[1086]: 
ci-info: |   lo   |  True |         127.0.0.1          |   255.0.0.0   |   .   |         .         |
[[0;32m  OK  [0m] Listening on D-Bus System Message Bus Socket.
[[0;32m  OK  [0m] Started Daily apt activities.
[   37.554564] cloud-init[1086]: ci-info: |   lo   |  True |          ::1/128           |       .       |  host |         .         |
[   37.649054] [[0;32m  OK  [0m] Started Trigger resolvconf update for networkd DNS.
[[0;32m  OK  [0m] Started Daily Cleanup of Temporary Directories.
cloud-init[1086]: ci-info: | enp0s8 | False |             .              |       .       |   .   | 08:00:27:3c:41:e8 |
[   37.792372] [cloud-init[0;32m  OK  [0m[1086]: ] ci-info: | enp0s9 | False |             .              |       .       |   .   | 08:00:27:d2:7f:3d |Reached target Timers.

[   37.792776] cloud-init[1086]: ci-info: +--------+-------+----------------------------+---------------+-------+-------------------+
[   37.932294] [cloud-init[0;32m  OK  [0m[1086]: ] ci-info: +++++++++++++++++++++++++++Route IPv4 info++++++++++++++++++++++++++++Started ACPI Events Check.

[   37.932645] [[0;32m  OK  [0m] Reached target Paths.
cloud-init[1086]: ci-info: +-------+-------------+----------+---------------+-----------+-------+
[[0;32m  OK  [0m] Reached target Network is Online.
[   38.056343] cloud-init[1086]: ci-info: | Route | Destination | Gateway  |    Genmask    | Interface | Flags |
[   38.124435]          cloud-initStarting iSCSI initiator daemon (iscsid)...[1086]: 
ci-info: +-------+-------------+----------+---------------+-----------+-------+
[   38.124949] cloud-init[1086]: ci-info: |   0   |   0.0.0.0   | 10.0.2.2 |    0.0.0.0    |   enp0s3  |   UG  |
[   38.229115] [cloud-init[0;32m  OK  [0m[1086]: ] ci-info: |   1   |   10.0.2.0  | 0.0.0.0  | 255.255.255.0 |   enp0s3  |   U   |Listening on Socket activation for snappy daemon.

[   38.229507] [cloud-init[0;32m  OK  [0m[1086]: ] ci-info: +-------+-------------+----------+---------------+-----------+-------+Listening on LXD - unix socket.

[[0;32m  OK  [0m] Reached target Sockets.
[[0;32m  OK  [0m] Reached target Basic System.
[   38.397060] cloud-init[1086]: Generating public/private rsa key pair.
[   38.468468]          cloud-initStarting Accounts Service...[1086]: 
Your identification has been saved in /etc/ssh/ssh_host_rsa_key.
[   38.523831]          cloud-initStarting Apply the settings specified in cloud-config...[1086]: 
Your public key has been saved in /etc/ssh/ssh_host_rsa_key.pub.
[   38.572319] [cloud-init[0;32m  OK  [0m[1086]: ] The key fingerprint is:Started FUSE filesystem for LXC.

[   38.572726] cloud-init[1086]: SHA256:28uW20h0elz5PipqovCM9+keR9sko6lBZNh99224c9E root@ubuntu-xenial
[   38.677519]          cloud-initStarting LSB: MD monitoring daemon...[1086]: 
The key's randomart image is:
[   38.718603] [cloud-init[0;32m  OK  [0m[1086]: ] +---[RSA 2048]----+Started ACPI event daemon.

[   38.718958] cloud-init[1086]: |                 |
[   38.723014] cloud-init[1086]: |    o .          |
[   38.724025] cloud-init[1086]: |   . + . . .     |
[   38.744304]          cloud-initStarting System Logging Service...[1086]: 
|    o   . . . o..|
[   38.767991]          cloud-initStarting /etc/rc.local Compatibility...[1086]: 
|     .  S+...oo+E|
[   38.824577] [cloud-init[0;32m  OK  [0m[1086]: ] |    .   ++*+ .o..|Started Regular background program processing daemon.

[   38.825282] cloud-init[1086]: |   . . +.o+ooo ..|
[   38.912531] [cloud-init[0;32m  OK  [0m[1086]: ] |    =.o.++o*  oo |Started D-Bus System Message Bus.

[   38.912985] cloud-init[1086]: |   ..===oo*.o.. o|
[   38.947924] cloud-init[1086]: +----[SHA256]-----+
[   38.949030] cloud-init[1086]: Generating public/private dsa key pair.
[   38.970554] cloud-init[1086]: Your identification has been saved in /etc/ssh/ssh_host_dsa_key.
[[0;32m  OK  [0m] Started Deferred execution scheduler.
[   39.024572] cloud-init[1086]: Your public key has been saved in /etc/ssh/ssh_host_dsa_key.pub.
[   39.112417]          cloud-initStarting LSB: Record successful boot for GRUB...[1086]: 
The key fingerprint is:
[   39.172562]          cloud-initStarting Login Service...[1086]: 
SHA256:SOultekY7TfqPpcyUp4YrhvA5wMdHmjTGbOLV7GLwE4 root@ubuntu-xenial
[   39.236367]          cloud-initStarting Pollinate to seed the pseudo random number generator...[1086]: 
The key's randomart image is:
         Starting LXD - container startup/shutdown...
[   39.307037] cloud-init[1086]: +---[DSA 1024]----+
[[0;32m  OK  [0m] Started Snappy daemon.
[   39.386799] cloud-init[1086]: |    o .          |
[   39.420271]          cloud-initStarting Auto import assertions from block devices...[1086]: 
| . o = o         |
[   39.447137] [cloud-init[0;32m  OK  [0m[1086]: ] |  E * +          |Started System Logging Service.

[   39.447497] [cloud-init[0;32m  OK  [0m[1086]: ] | = * B +         |Started iSCSI initiator daemon (iscsid).

[   39.576329] [cloud-init[0;32m  OK  [0m[1086]: ] |  * B + S        |Started /etc/rc.local Compatibility.

[   39.576829] cloud-init[1086]: |   * ..=.o       |
[[0;32m  OK  [0m] Started LXD - container startup/shutdown.
[   39.628483] cloud-init[1086]: |    +.+=+. .     |
[   39.736365] [cloud-init[0;32m  OK  [0m[1086]: ] |     o+=* =      |Started Auto import assertions from block devices.

[   39.736896] cloud-init[1086]: |    oo.+*B .     |
[   39.804279] [cloud-init[0;32m  OK  [0m[1086]: ] +----[SHA256]-----+Started LSB: MD monitoring daemon.

[   39.804701] cloud-init[1086]: Generating public/private ecdsa key pair.
[[0;32m  OK  [0m] Started LSB: Record successful boot for GRUB.
[   39.884716] cloud-init[1086]: Your identification has been saved in /etc/ssh/ssh_host_ecdsa_key.
[[0;32m  OK  [0m] Stopped OpenBSD Secure Shell server.
[   39.960278] cloud-init[1086]: Your public key has been saved in /etc/ssh/ssh_host_ecdsa_key.pub.
[   40.032333]          cloud-initStarting OpenBSD Secure Shell server...[1086]: 
The key fingerprint is:
         Starting Authenticate and Authorize Users to Run Privileged Tasks...
[   40.074058] cloud-init[1086]: SHA256:4KN6psqCBUujS+7mEsNknasjALYy8CdUCkW2Oh3OBug root@ubuntu-xenial
         Starting Login to default iSCSI targets...
[[0;32m  OK  [0m] Started OpenBSD Secure Shell server.
[[0;32m  OK  [0m] Started Pollinate to seed the pseudo random number generator.
[   40.186592] cloud-init[1086]: The key's randomart image is:
[[0;32m  OK  [0m] Started Login Service.
[   40.258422] cloud-init[1086]: +---[ECDSA 256]---+
[[0;32m  OK  [0m] Started Authenticate and Authorize Users to Run Privileged Tasks.
[   40.308319] cloud-init[1086]: | o+              |
[[0;32m  OK  [0m] Started Accounts Service.
[   40.338158] cloud-init[1086]: |o. ..            |
[   40.380373] cloud-init[1086]: |o.+o. .          |
[   40.412352] cloud-init[1086]: |=%o+ . .         |
[[0;32m  OK  [0m] Started Login to default iSCSI targets.
[   40.442895] cloud-init[1086]: |%EB . o S        |
[   40.520399] [cloud-init[0;32m  OK  [0m[1086]: ] |O*+... .         |Reached target Remote File Systems (Pre).

[[0;32m  OK  [0m] Reached target Remote File Systems.
[   40.520956] cloud-init[1086]: |**.o.            |
[   40.602627]          cloud-initStarting LSB: daemon to balance interrupts for SMP systems...[1086]: 
|B= .o            |
[   40.696460]          cloud-initStarting Permit User Sessions...[1086]: 
|O=++             |
[   40.768614]          cloud-initStarting LSB: automatic crash report generation...[1086]: 
+----[SHA256]-----+
[   40.856456]          cloud-initStarting LSB: Set the CPU Frequency Scaling governor to "ondemand"...[1086]: 
Generating public/private ed25519 key pair.
[   40.948964]          cloud-initStarting LSB: VirtualBox Linux Additions...[1086]: 
Your identification has been saved in /etc/ssh/ssh_host_ed25519_key.
[   41.032969] [cloud-init[0;32m  OK  [0m[1086]: ] Your public key has been saved in /etc/ssh/ssh_host_ed25519_key.pub.Started Apply the settings specified in cloud-config.

[   41.176662] [cloud-init[0;32m  OK  [0m[1086]: ] The key fingerprint is:Started Permit User Sessions.

[   41.177083] cloud-init[1086]: SHA256:2zKW/Xzap0SIMwaqnlNkZaaBgu+wUoYPTDsi/V2tgS4 root@ubuntu-xenial
[   41.324957] [cloud-init[0;32m  OK  [0m[1086]: ] The key's randomart image is:Created slice User Slice of ubuntu.

[   41.325581] cloud-init[1086]: +--[ED25519 256]--+
[[0;32m  OK  [0m] Started Session 1 of user ubuntu.
[   41.444376] cloud-init[1086]: | .   .           |
[   41.492817]          cloud-initStarting User Manager for UID 1000...[1086]: 
|... . . +        |
[   41.564550]          cloud-initStarting Terminate Plymouth Boot Screen...[1086]: 
|o+..   B..       |
[   41.648761]          cloud-initStarting Hold until boot process finishes up...[1086]: 
|*+=   =.o... .   |
[   41.730612] [cloud-init[0;32m  OK  [0m[1086]: ] |oO.. =..So= . .  |Started User Manager for UID 1000.

[   41.804525] [cloud-init[0;32m  OK  [0m[1086]: ] |o o E.+ .* o .   |Started LSB: daemon to balance interrupts for SMP systems.

[   41.804819] cloud-init[1086]: |.   .o  * o   .  |
[   41.928601] [cloud-init[0;32m  OK  [0m[1086]: ] |   ... . o o o. .|Started LSB: automatic crash report generation.

[   41.929532] [cloud-init[0;32m  OK  [0m[1086]: ] |    o.      +ooo |Started LSB: Set the CPU Frequency Scaling governor to "ondemand".

[   42.113419] [cloud-init[0;32m  OK  [0m[1086]: ] +----[SHA256]-----+Started LSB: VirtualBox Linux Additions.

[   42.115222] cloud-init[1185]: Generating locales (this might take a while)...
[   42.268746] [cloud-init[0;32m  OK  [0m[1185]: ]   en_US.UTF-8... doneStarted Terminate Plymouth Boot Screen.

[   42.269208] cloud-init[1185]: Generation complete.
[   42.409091] [cloud-init[0;32m  OK  [0m[1185]: ] Cloud-init v. 0.7.8 running 'modules:config' at Tue, 20 Dec 2016 02:28:55 +0000. Up 38.74 seconds.Started Hold until boot process finishes up.

         Starting Set console scheme...
[[0;32m  OK  [0m] Started Serial Getty on ttyS0.
[[0;32m  OK  [0m] Started Getty on tty1.
[[0;32m  OK  [0m] Reached target Login Prompts.
[[0;32m  OK  [0m] Reached target Multi-User System.
[[0;32m  OK  [0m] Reached target Graphical Interface.
         Starting Execute cloud user/final scripts...
         Starting Update UTMP about System Runlevel Changes...
[[0;32m  OK  [0m] Started Set console scheme.
[[0;32m  OK  [0m] Started Update UTMP about System Runlevel Changes.
ci-info: no authorized ssh keys fingerprints found for user ubuntu.
<14>Dec 20 02:28:59 ec2: 
<14>Dec 20 02:28:59 ec2: #############################################################
<14>Dec 20 02:28:59 ec2: -----BEGIN SSH HOST KEY FINGERPRINTS-----
<14>Dec 20 02:28:59 ec2: 1024 SHA256:SOultekY7TfqPpcyUp4YrhvA5wMdHmjTGbOLV7GLwE4 root@ubuntu-xenial (DSA)
<14>Dec 20 02:28:59 ec2: 256 SHA256:4KN6psqCBUujS+7mEsNknasjALYy8CdUCkW2Oh3OBug root@ubuntu-xenial (ECDSA)
<14>Dec 20 02:28:59 ec2: 256 SHA256:2zKW/Xzap0SIMwaqnlNkZaaBgu+wUoYPTDsi/V2tgS4 root@ubuntu-xenial (ED25519)
<14>Dec 20 02:28:59 ec2: 2048 SHA256:28uW20h0elz5PipqovCM9+keR9sko6lBZNh99224c9E root@ubuntu-xenial (RSA)
<14>Dec 20 02:28:59 ec2: -----END SSH HOST KEY FINGERPRINTS-----
<14>Dec 20 02:28:59 ec2: #############################################################
-----BEGIN SSH HOST KEY KEYS-----
ecdsa-sha2-nistp256 AAAAE2VjZHNhLXNoYTItbmlzdHAyNTYAAAAIbmlzdHAyNTYAAABBBN+Bk7IAfVbDRwwy6h/ajezI3zTr8ciecZMAkCtl3iDv5Dt1HepKcBcO//f1LiAIUO3wKUTDHKJawbD1UEz5C5g= root@ubuntu-xenial
ssh-ed25519 AAAAC3NzaC1lZDI1NTE5AAAAIMAmgh0F+5nslflIzyBWj0/kTVsj1vfk4t3SjLlahTMI root@ubuntu-xenial
ssh-rsa AAAAB3NzaC1yc2EAAAADAQABAAABAQDBmzkh4rJvpIxniBHtYTXzsz3RG8o+Hg3JdDpx1VkAHX6WNLEp7gND+mWU0Xp5mukhQhizv0fwtwBYNw+KR9M3eXwKIBVCMN4K0g9aicyF22JbqrUwL68/B9S6GwxnOHeWEIUC2aJo0/JWxmdziof692+AucYhZJ9Cv80c6zXqgn6pxrVezd72TmnaCa+zMhGGwAbissh46pc73fnajEH63zzw9O516fh+gmiNbwB++tH9uZluAHiOHdUCH45L2kFtgh4LLBGg8xnQ1IIf7Ocnz4eMs3TetuNSxXngX5DmjRKdth9LdMiqWZrUVhFF/wPDmRt+3zE76NQ4QXEQWp75 root@ubuntu-xenial
-----END SSH HOST KEY KEYS-----
[   43.929363] cloud-init[1456]: Cloud-init v. 0.7.8 running 'modules:final' at Tue, 20 Dec 2016 02:28:59 +0000. Up 43.05 seconds.
[   43.988348] cloud-init[1456]: ci-info: no authorized ssh keys fingerprints found for user ubuntu.
[   43.988591] cloud-init[1456]: Cloud-init v. 0.7.8 finished at Tue, 20 Dec 2016 02:29:00 +0000. Datasource DataSourceNoCloud [seed=/dev/sdb][dsmode=net].  Up 43.92 seconds
[[0;32m  OK  [0m] Started Execute cloud user/final scripts.
[[0;32m  OK  [0m] Reached target Cloud-init target.

Ubuntu 16.04.1 LTS ubuntu-xenial ttyS0

ubuntu-xenial login: [13825.545056] e1000 0000:00:03.0 enp0s3: Detected Tx Unit Hang
[13825.545056]   Tx Queue             <0>
[13825.545056]   TDH                  <42>
[13825.545056]   TDT                  <44>
[13825.545056]   next_to_use          <44>
[13825.545056]   next_to_clean        <42>
[13825.545056] buffer_info[next_to_clean]
[13825.545056]   time_stamp           <100338150>
[13825.545056]   next_to_watch        <43>
[13825.545056]   jiffies              <100338416>
[13825.545056]   next_to_watch.status <0>
[13828.766070] e1000 0000:00:03.0 enp0s3: Detected Tx Unit Hang
[13828.766070]   Tx Queue             <0>
[13828.766070]   TDH                  <42>
[13828.766070]   TDT                  <44>
[13828.766070]   next_to_use          <44>
[13828.766070]   next_to_clean        <42>
[13828.766070] buffer_info[next_to_clean]
[13828.766070]   time_stamp           <100338150>
[13828.766070]   next_to_watch        <43>
[13828.766070]   jiffies              <10033873b>
[13828.766070]   next_to_watch.status <0>
[13831.761430] e1000 0000:00:03.0 enp0s3: Reset adapter
